<?xml version="1.0" encoding="UTF-8"?>
<!-- Generated by org.testng.reporters.JUnitXMLReporter -->
<testsuite ignored="4" hostname="DESKTOP-Q420O00" failures="0" tests="1" name="Default test" time="5.69" errors="0" timestamp="2024-02-16T20:50:42 GMT-05:00">
  <testcase classname="com.SalesForce.TestScripts.SalesforceLoginAutomationScript" name="testcase4A" time="3.261"/>
  <testcase classname="com.SalesForce.TestScripts.SalesforceLoginAutomationScript" name="testcase2" time="0.0">
    <ignored/>
  </testcase> <!-- testcase2 -->
  <testcase classname="com.SalesForce.TestScripts.SalesforceLoginAutomationScript" name="testcase4B" time="0.0">
    <ignored/>
  </testcase> <!-- testcase4B -->
  <testcase classname="com.SalesForce.TestScripts.SalesforceLoginAutomationScript" name="testcase3" time="0.0">
    <ignored/>
  </testcase> <!-- testcase3 -->
  <testcase classname="com.SalesForce.TestScripts.SalesforceLoginAutomationScript" name="testcase1" time="0.0">
    <ignored/>
  </testcase> <!-- testcase1 -->
</testsuite> <!-- Default test -->
