<?xml version="1.0" encoding="UTF-8"?>
<!-- Generated by org.testng.reporters.JUnitXMLReporter -->
<testsuite ignored="0" hostname="DESKTOP-Q420O00" failures="0" tests="5" name="Test" time="41.371" errors="0" timestamp="2024-02-16T10:58:34 GMT-05:00">
  <testcase classname="com.SalesForce.TestScripts.SalesforceLoginAutomationScript" name="testcase1" time="2.11"/>
  <testcase classname="com.SalesForce.TestScripts.SalesforceLoginAutomationScript" name="testcase2" time="8.995"/>
  <testcase classname="com.SalesForce.TestScripts.SalesforceLoginAutomationScript" name="testcase3" time="13.113"/>
  <testcase classname="com.SalesForce.TestScripts.SalesforceLoginAutomationScript" name="testcase4A" time="5.982"/>
  <testcase classname="com.SalesForce.TestScripts.SalesforceLoginAutomationScript" name="testcase4B" time="1.485"/>
</testsuite> <!-- Test -->
