<?xml version="1.0" encoding="UTF-8"?>
<!-- Generated by org.testng.reporters.JUnitXMLReporter -->
<testsuite ignored="0" hostname="DESKTOP-Q420O00" failures="0" tests="5" name="Test" time="48.618" errors="0" timestamp="2024-02-16T20:17:09 GMT-05:00">
  <testcase classname="com.SalesForce.TestScripts.SalesforceLoginAutomationScript" name="testcase1" time="3.182"/>
  <testcase classname="com.SalesForce.TestScripts.SalesforceLoginAutomationScript" name="testcase2" time="10.552"/>
  <testcase classname="com.SalesForce.TestScripts.SalesforceLoginAutomationScript" name="testcase3" time="14.12"/>
  <testcase classname="com.SalesForce.TestScripts.SalesforceLoginAutomationScript" name="testcase4A" time="6.102"/>
  <testcase classname="com.SalesForce.TestScripts.SalesforceLoginAutomationScript" name="testcase4B" time="2.079"/>
</testsuite> <!-- Test -->
