<?xml version="1.0" encoding="UTF-8"?>
<testsuite xmlns:xsi="http://www.w3.org/2001/XMLSchema-instance" xsi:noNamespaceSchemaLocation="https://maven.apache.org/surefire/maven-surefire-plugin/xsd/surefire-test-report-3.0.xsd" version="3.0" name="TestSuite" time="50.692" tests="5" errors="0" skipped="0" failures="0">
  <properties>
[...]
</properties>
  <testcase name="testcase1" classname="com.SalesForce.TestScripts.SalesforceLoginAutomationScript" time="3.165">
    <system-out><![CDATA[2024-02-16 20:16:21,052 INFO  ListenersUtility.java:71 - Test has started....................
2024-02-16 20:16:21,406 INFO  BaseTestForSalesForce.java:42 - before method setup executed
2024-02-16 20:16:24,656 INFO  BaseTestForSalesForce.java:65 - browser instance chrome created.
2024-02-16 20:16:24,796 INFO  BaseTestForSalesForce.java:68 - window is maximized
ChromeDriver: chrome on WINDOWS (c250eca53934a4f3af54c14a6ba5de05)
2024-02-16 20:16:26,205 INFO  BaseTestForSalesForce.java:104 - https://login.salesforce.com/is entered
2024-02-16 20:16:26,209 INFO  ListenersUtility.java:22 - testcase1.......test execution started........
2024-02-16 20:16:27,622 INFO  BasePage.java:37 - data is entered in Username textbox textbox
2024-02-16 20:16:28,076 INFO  BasePage.java:37 - data is entered in password field textbox
2024-02-16 20:16:29,180 INFO  BasePage.java:48 - login buttonbutton is clicked
2024-02-16 20:16:29,389 INFO  SalesforceLoginAutomationScript.java:49 - test case 1 passed
]]></system-out>
    <system-err><![CDATA[SLF4J(W): No SLF4J providers were found.
SLF4J(W): Defaulting to no-operation (NOP) logger implementation
SLF4J(W): See https://www.slf4j.org/codes.html#noProviders for further details.
Starting ChromeDriver 121.0.6167.85 (3f98d690ad7e59242ef110144c757b2ac4eef1a2-refs/branch-heads/6167@{#1539}) on port 35894
Only local connections are allowed.
Please see https://chromedriver.chromium.org/security-considerations for suggestions on keeping ChromeDriver safe.
ChromeDriver was started successfully.
Feb 16, 2024 8:16:24 PM org.openqa.selenium.remote.ProtocolHandshake createSession
INFO: Detected dialect: W3C
]]></system-err>
  </testcase>
  <testcase name="testcase2" classname="com.SalesForce.TestScripts.SalesforceLoginAutomationScript" time="10.553">
    <system-out><![CDATA[2024-02-16 20:16:29,394 INFO  ListenersUtility.java:29 - testcase1.......test execution completed with success........
2024-02-16 20:16:29,639 INFO  BaseTestForSalesForce.java:111 - browser instance closed
2024-02-16 20:16:29,639 INFO  BaseTestForSalesForce.java:53 - method ended
2024-02-16 20:16:29,642 INFO  BaseTestForSalesForce.java:42 - before method setup executed
2024-02-16 20:16:30,429 INFO  BaseTestForSalesForce.java:65 - browser instance chrome created.
2024-02-16 20:16:30,566 INFO  BaseTestForSalesForce.java:68 - window is maximized
ChromeDriver: chrome on WINDOWS (d59d2b7b1ac4334462067fd193e016e9)
2024-02-16 20:16:31,299 INFO  BaseTestForSalesForce.java:104 - https://login.salesforce.com/is entered
2024-02-16 20:16:31,300 INFO  ListenersUtility.java:22 - testcase2.......test execution started........
2024-02-16 20:16:31,932 INFO  BasePage.java:37 - data is entered in Username textbox textbox
2024-02-16 20:16:32,615 INFO  BasePage.java:37 - data is entered in password field textbox
2024-02-16 20:16:41,821 INFO  BasePage.java:48 - login buttonbutton is clicked
2024-02-16 20:16:41,851 INFO  SalesforceLoginAutomationScript.java:72 - test case 2 passed
]]></system-out>
    <system-err><![CDATA[Starting ChromeDriver 121.0.6167.85 (3f98d690ad7e59242ef110144c757b2ac4eef1a2-refs/branch-heads/6167@{#1539}) on port 12059
Only local connections are allowed.
Please see https://chromedriver.chromium.org/security-considerations for suggestions on keeping ChromeDriver safe.
ChromeDriver was started successfully.
Feb 16, 2024 8:16:30 PM org.openqa.selenium.remote.ProtocolHandshake createSession
INFO: Detected dialect: W3C
]]></system-err>
  </testcase>
  <testcase name="testcase3" classname="com.SalesForce.TestScripts.SalesforceLoginAutomationScript" time="14.116">
    <system-out><![CDATA[2024-02-16 20:16:41,854 INFO  ListenersUtility.java:29 - testcase2.......test execution completed with success........
2024-02-16 20:16:42,061 INFO  BaseTestForSalesForce.java:111 - browser instance closed
2024-02-16 20:16:42,062 INFO  BaseTestForSalesForce.java:53 - method ended
2024-02-16 20:16:42,063 INFO  BaseTestForSalesForce.java:42 - before method setup executed
2024-02-16 20:16:42,932 INFO  BaseTestForSalesForce.java:65 - browser instance chrome created.
2024-02-16 20:16:43,056 INFO  BaseTestForSalesForce.java:68 - window is maximized
ChromeDriver: chrome on WINDOWS (7ec849b5728cc5b2b70c3ef9327c1ed0)
2024-02-16 20:16:43,664 INFO  BaseTestForSalesForce.java:104 - https://login.salesforce.com/is entered
2024-02-16 20:16:43,667 INFO  ListenersUtility.java:22 - testcase3.......test execution started........
2024-02-16 20:16:44,248 INFO  BasePage.java:37 - data is entered in Username textbox textbox
2024-02-16 20:16:44,825 INFO  BasePage.java:37 - data is entered in password field textbox
2024-02-16 20:16:44,984 INFO  BasePage.java:48 - remember mebutton is clicked
2024-02-16 20:16:51,794 INFO  BasePage.java:48 - login buttonbutton is clicked
2024-02-16 20:16:53,153 INFO  BasePage.java:48 - user dropdownbutton is clicked
2024-02-16 20:16:54,225 INFO  BasePage.java:48 - logoutbutton is clicked
vidhya@tekarch.com
2024-02-16 20:16:57,786 INFO  SalesforceLoginAutomationScript.java:105 - test case 3 passed
]]></system-out>
    <system-err><![CDATA[Starting ChromeDriver 121.0.6167.85 (3f98d690ad7e59242ef110144c757b2ac4eef1a2-refs/branch-heads/6167@{#1539}) on port 44009
Only local connections are allowed.
Please see https://chromedriver.chromium.org/security-considerations for suggestions on keeping ChromeDriver safe.
ChromeDriver was started successfully.
Feb 16, 2024 8:16:42 PM org.openqa.selenium.remote.ProtocolHandshake createSession
INFO: Detected dialect: W3C
]]></system-err>
  </testcase>
  <testcase name="testcase4A" classname="com.SalesForce.TestScripts.SalesforceLoginAutomationScript" time="6.104">
    <system-out><![CDATA[2024-02-16 20:16:57,787 INFO  ListenersUtility.java:29 - testcase3.......test execution completed with success........
2024-02-16 20:16:57,943 INFO  BaseTestForSalesForce.java:111 - browser instance closed
2024-02-16 20:16:57,943 INFO  BaseTestForSalesForce.java:53 - method ended
2024-02-16 20:16:57,945 INFO  BaseTestForSalesForce.java:42 - before method setup executed
2024-02-16 20:16:58,747 INFO  BaseTestForSalesForce.java:65 - browser instance chrome created.
2024-02-16 20:16:58,892 INFO  BaseTestForSalesForce.java:68 - window is maximized
ChromeDriver: chrome on WINDOWS (6669e7e6eaee89fb387c422e5b8e6827)
2024-02-16 20:16:59,564 INFO  BaseTestForSalesForce.java:104 - https://login.salesforce.com/is entered
2024-02-16 20:16:59,565 INFO  ListenersUtility.java:22 - testcase4A.......test execution started........
2024-02-16 20:16:59,774 INFO  BasePage.java:37 - data is entered in Username textbox textbox
2024-02-16 20:17:00,283 INFO  BasePage.java:48 - forgot passwordbutton is clicked
2024-02-16 20:17:00,513 INFO  BasePage.java:37 - data is entered in Username textbox textbox
2024-02-16 20:17:02,546 INFO  BasePage.java:48 - continuebutton is clicked
2024-02-16 20:17:05,665 INFO  BasePage.java:59 - text is extracted from email send confirmation
2024-02-16 20:17:05,667 INFO  SalesforceLoginAutomationScript.java:133 - test case 4A passed
]]></system-out>
    <system-err><![CDATA[Starting ChromeDriver 121.0.6167.85 (3f98d690ad7e59242ef110144c757b2ac4eef1a2-refs/branch-heads/6167@{#1539}) on port 41490
Only local connections are allowed.
Please see https://chromedriver.chromium.org/security-considerations for suggestions on keeping ChromeDriver safe.
ChromeDriver was started successfully.
Feb 16, 2024 8:16:58 PM org.openqa.selenium.remote.ProtocolHandshake createSession
INFO: Detected dialect: W3C
]]></system-err>
  </testcase>
  <testcase name="testcase4B" classname="com.SalesForce.TestScripts.SalesforceLoginAutomationScript" time="2.079">
    <system-out><![CDATA[2024-02-16 20:17:05,668 INFO  ListenersUtility.java:29 - testcase4A.......test execution completed with success........
2024-02-16 20:17:05,827 INFO  BaseTestForSalesForce.java:111 - browser instance closed
2024-02-16 20:17:05,827 INFO  BaseTestForSalesForce.java:53 - method ended
2024-02-16 20:17:05,828 INFO  BaseTestForSalesForce.java:42 - before method setup executed
2024-02-16 20:17:06,760 INFO  BaseTestForSalesForce.java:65 - browser instance chrome created.
2024-02-16 20:17:06,915 INFO  BaseTestForSalesForce.java:68 - window is maximized
ChromeDriver: chrome on WINDOWS (cd3ffb65e832dc722c9b27f773ef440d)
2024-02-16 20:17:07,483 INFO  BaseTestForSalesForce.java:104 - https://login.salesforce.com/is entered
2024-02-16 20:17:07,484 INFO  ListenersUtility.java:22 - testcase4B.......test execution started........
2024-02-16 20:17:08,012 INFO  BasePage.java:37 - data is entered in Username textbox textbox
2024-02-16 20:17:08,648 INFO  BasePage.java:37 - data is entered in password field textbox
2024-02-16 20:17:08,965 INFO  BasePage.java:48 - login buttonbutton is clicked
2024-02-16 20:17:09,166 INFO  BasePage.java:59 - text is extracted from wrong username and password
2024-02-16 20:17:09,563 INFO  BasePage.java:59 - text is extracted from wrong username and password
]]></system-out>
    <system-err><![CDATA[Starting ChromeDriver 121.0.6167.85 (3f98d690ad7e59242ef110144c757b2ac4eef1a2-refs/branch-heads/6167@{#1539}) on port 48696
Only local connections are allowed.
Please see https://chromedriver.chromium.org/security-considerations for suggestions on keeping ChromeDriver safe.
ChromeDriver was started successfully.
Feb 16, 2024 8:17:06 PM org.openqa.selenium.remote.ProtocolHandshake createSession
INFO: Detected dialect: W3C
]]></system-err>
  </testcase>
</testsuite>