<?xml version="1.0" encoding="UTF-8"?>
<testng-results ignored="4" total="5" passed="1" failed="0" skipped="0">
  <reporter-output>
  </reporter-output>
  <suite started-at="2024-02-16T20:50:36 GMT-05:00" name="Default suite" finished-at="2024-02-16T20:50:42 GMT-05:00" duration-ms="5690">
    <groups>
    </groups>
    <test started-at="2024-02-16T20:50:36 GMT-05:00" name="Default test" finished-at="2024-02-16T20:50:42 GMT-05:00" duration-ms="5690">
      <class name="com.SalesForce.TestScripts.SalesforceLoginAutomationScript">
        <test-method is-config="true" signature="setUpBeforeMethod(java.lang.String,org.testng.ITestResult)[pri:0, instance:com.SalesForce.TestScripts.SalesforceLoginAutomationScript@1a9c38eb]" started-at="2024-02-16T20:50:37 GMT-05:00" name="setUpBeforeMethod" finished-at="2024-02-16T20:50:39 GMT-05:00" duration-ms="2095" status="PASS">
          <params>
            <param index="0">
              <value>
                <![CDATA[chrome]]>
              </value>
            </param>
            <param index="1">
              <value>
                <![CDATA[[TestResult name={null} status=CREATED method=SalesforceLoginAutomationScript.testcase4A()[pri:0, instance:com.SalesForce.TestScripts.SalesforceLoginAutomationScript@1a9c38eb] output={null}]]]>
              </value>
            </param>
          </params>
          <reporter-output>
          </reporter-output>
        </test-method> <!-- setUpBeforeMethod -->
        <test-method signature="testcase4A()[pri:0, instance:com.SalesForce.TestScripts.SalesforceLoginAutomationScript@1a9c38eb]" started-at="2024-02-16T20:50:39 GMT-05:00" name="testcase4A" finished-at="2024-02-16T20:50:42 GMT-05:00" duration-ms="3261" status="PASS">
          <reporter-output>
          </reporter-output>
        </test-method> <!-- testcase4A -->
        <test-method is-config="true" signature="tearDownAfterTestMethod()[pri:0, instance:com.SalesForce.TestScripts.SalesforceLoginAutomationScript@1a9c38eb]" started-at="2024-02-16T20:50:42 GMT-05:00" name="tearDownAfterTestMethod" finished-at="2024-02-16T20:50:42 GMT-05:00" duration-ms="120" status="PASS">
          <reporter-output>
          </reporter-output>
        </test-method> <!-- tearDownAfterTestMethod -->
      </class> <!-- com.SalesForce.TestScripts.SalesforceLoginAutomationScript -->
    </test> <!-- Default test -->
  </suite> <!-- Default suite -->
</testng-results>
